2025-01-26 13:02:30 [INFO]: Login attempt for email: vibekdutta3096@gmail.com
2025-01-26 13:02:31 [WARN]: Login failed: Invalid password for email: vibekdutta3096@gmail.com
2025-01-26 16:41:49 [INFO]: Login attempt for email: vibekdutta3096@gmail.com
2025-01-26 16:41:50 [WARN]: Login failed: User with email vibekdutta3096@gmail.com not found
2025-01-26 16:42:10 [INFO]: Login attempt for email: vibekdutta3096@gmail.com
2025-01-26 16:42:11 [WARN]: Login failed: User with email vibekdutta3096@gmail.com not found
2025-01-26 16:44:08 [INFO]: Login attempt for email: vibekdutta3096@gmail.com
2025-01-26 16:44:08 [WARN]: Login failed: User with email vibekdutta3096@gmail.com not found
2025-01-26 16:52:15 [INFO]: Login attempt for email: vibekdutta3096@gmail.com
2025-01-26 16:52:15 [WARN]: Login failed: User with email vibekdutta3096@gmail.com not found
2025-01-26 16:57:17 [INFO]: Login attempt for email: vibekdutta3096@gmail.com
2025-01-26 16:57:17 [INFO]: Creating session for user ID: 6796aeaf7c8ea4f474d325e1
2025-01-26 16:57:17 [INFO]: Signing tokens for user ID: 6796aeaf7c8ea4f474d325e1
2025-01-26 16:57:17 [INFO]: Login successful for user ID: 6796aeaf7c8ea4f474d325e1
2025-01-26 17:41:25 [INFO]: Login attempt for email: vibekdutta3096@gmail.com
2025-01-26 17:41:25 [WARN]: Login failed: User with email vibekdutta3096@gmail.com not verified
2025-01-26 17:41:48 [INFO]: Login attempt for email: vibekdutta3096@gmail.com
2025-01-26 17:41:48 [WARN]: Login failed: User with email vibekdutta3096@gmail.com not verified
2025-01-26 17:44:19 [INFO]: Login attempt for email: vikiisbck@gmail.com
2025-01-26 17:44:19 [WARN]: Login failed: User with email vikiisbck@gmail.com not found
2025-01-26 17:48:05 [INFO]: Login attempt for email: vikiisbck@gmail.com
2025-01-26 17:48:05 [WARN]: Login failed: User with email vikiisbck@gmail.com not found
2025-01-26 18:20:12 [INFO]: Login attempt for email: vikiisbck@gmail.com
2025-01-26 18:20:13 [WARN]: Login failed: User with email vikiisbck@gmail.com not verified
2025-01-26 18:40:12 [INFO]: Login attempt for email: vikiisbck@gmail.com
2025-01-26 18:40:12 [WARN]: Login failed: User with email vikiisbck@gmail.com not found
