2025-01-28 16:26:05 [INFO]: Login attempt for email: vikiisbck@gmail.com
2025-01-28 16:26:05 [WARN]: Login failed: Invalid password for email: vikiisbck@gmail.com
2025-01-28 16:28:27 [INFO]: Login attempt for email: vikiisbck@gmail.com
2025-01-28 16:28:27 [INFO]: Creating session for user ID: 6797118d96969ec69381139d
2025-01-28 16:28:27 [INFO]: Signing tokens for user ID: 6797118d96969ec69381139d
2025-01-28 16:28:27 [INFO]: Login successful for user ID: 6797118d96969ec69381139d
2025-01-28 16:49:48 [INFO]: Login attempt for email: vikiisbck@gmail.com
2025-01-28 16:49:48 [INFO]: Creating session for user ID: 6797118d96969ec69381139d
2025-01-28 16:49:48 [INFO]: Signing tokens for user ID: 6797118d96969ec69381139d
2025-01-28 16:49:48 [INFO]: Login successful for user ID: 6797118d96969ec69381139d
2025-01-28 17:07:35 [INFO]: Login attempt for email: vikiisbck@gmail.com
2025-01-28 17:07:36 [INFO]: Creating session for user ID: 6797118d96969ec69381139d
2025-01-28 17:07:36 [INFO]: Signing tokens for user ID: 6797118d96969ec69381139d
2025-01-28 17:07:36 [INFO]: Login successful for user ID: 6797118d96969ec69381139d
2025-01-28 17:22:15 [INFO]: Login attempt for email: vikiisbck@gmail.com
2025-01-28 17:22:16 [INFO]: Creating session for user ID: 6797118d96969ec69381139d
2025-01-28 17:22:16 [INFO]: Signing tokens for user ID: 6797118d96969ec69381139d
2025-01-28 17:22:16 [INFO]: Login successful for user ID: 6797118d96969ec69381139d
2025-01-28 18:34:34 [INFO]: Login attempt for email: vikiisbck@gmail.com
2025-01-28 18:34:34 [INFO]: Creating session for user ID: 6797118d96969ec69381139d
2025-01-28 18:34:34 [INFO]: Signing tokens for user ID: 6797118d96969ec69381139d
2025-01-28 18:34:34 [INFO]: Login successful for user ID: 6797118d96969ec69381139d
2025-01-28 18:37:36 [INFO]: Login attempt for email: vikiisbck@gmail.com
2025-01-28 18:37:36 [INFO]: Creating session for user ID: 6797118d96969ec69381139d
2025-01-28 18:37:36 [INFO]: Signing tokens for user ID: 6797118d96969ec69381139d
2025-01-28 18:37:36 [INFO]: Login successful for user ID: 6797118d96969ec69381139d
2025-01-28 18:52:01 [INFO]: Login attempt for email: vikiisbck@gmail.com
2025-01-28 18:52:01 [INFO]: Creating session for user ID: 6797118d96969ec69381139d
2025-01-28 18:52:02 [INFO]: Signing tokens for user ID: 6797118d96969ec69381139d
2025-01-28 18:52:02 [INFO]: Login successful for user ID: 6797118d96969ec69381139d
2025-01-28 18:56:15 [INFO]: Login attempt for email: vikiisbck@gmail.com
2025-01-28 18:56:15 [INFO]: Creating session for user ID: 6797118d96969ec69381139d
2025-01-28 18:56:15 [INFO]: Signing tokens for user ID: 6797118d96969ec69381139d
2025-01-28 18:56:15 [INFO]: Login successful for user ID: 6797118d96969ec69381139d
2025-01-28 19:02:17 [INFO]: Login attempt for email: vikiisbck@gmail.com
2025-01-28 19:02:17 [INFO]: Creating session for user ID: 6797118d96969ec69381139d
2025-01-28 19:02:17 [INFO]: Signing tokens for user ID: 6797118d96969ec69381139d
2025-01-28 19:02:17 [INFO]: Login successful for user ID: 6797118d96969ec69381139d
2025-01-28 19:07:55 [INFO]: Login attempt for email: vikiisbck@gmail.com
2025-01-28 19:07:55 [INFO]: Creating session for user ID: 6797118d96969ec69381139d
2025-01-28 19:07:55 [INFO]: Signing tokens for user ID: 6797118d96969ec69381139d
2025-01-28 19:07:55 [INFO]: Login successful for user ID: 6797118d96969ec69381139d
2025-01-28 19:41:30 [INFO]: Login attempt for email: vikiisbck@gmail.com
2025-01-28 19:41:31 [INFO]: Creating session for user ID: 6797118d96969ec69381139d
2025-01-28 19:41:31 [INFO]: Signing tokens for user ID: 6797118d96969ec69381139d
2025-01-28 19:41:31 [INFO]: Login successful for user ID: 6797118d96969ec69381139d
2025-01-28 19:43:48 [INFO]: Login attempt for email: vikiisbck@gmail.com
2025-01-28 19:43:49 [INFO]: Creating session for user ID: 6797118d96969ec69381139d
2025-01-28 19:43:49 [INFO]: Signing tokens for user ID: 6797118d96969ec69381139d
2025-01-28 19:43:49 [INFO]: Login successful for user ID: 6797118d96969ec69381139d
2025-01-28 19:45:02 [INFO]: Login attempt for email: vikiisbck@gmail.com
2025-01-28 19:45:02 [INFO]: Creating session for user ID: 6797118d96969ec69381139d
2025-01-28 19:45:02 [INFO]: Signing tokens for user ID: 6797118d96969ec69381139d
2025-01-28 19:45:02 [INFO]: Login successful for user ID: 6797118d96969ec69381139d
2025-01-28 20:06:40 [INFO]: Login attempt for email: vikiisbck@gmail.com
2025-01-28 20:06:41 [INFO]: Creating session for user ID: 6797118d96969ec69381139d
2025-01-28 20:06:41 [INFO]: Signing tokens for user ID: 6797118d96969ec69381139d
2025-01-28 20:06:41 [INFO]: Login successful for user ID: 6797118d96969ec69381139d
2025-01-28 20:27:30 [INFO]: Login attempt for email: vikiisbck@gmail.com
2025-01-28 20:27:30 [INFO]: Creating session for user ID: 6797118d96969ec69381139d
2025-01-28 20:27:30 [INFO]: Signing tokens for user ID: 6797118d96969ec69381139d
2025-01-28 20:27:30 [INFO]: Login successful for user ID: 6797118d96969ec69381139d
2025-01-28 20:32:38 [INFO]: Login attempt for email: vikiisbck@gmail.com
2025-01-28 20:32:38 [INFO]: Creating session for user ID: 6797118d96969ec69381139d
2025-01-28 20:32:38 [INFO]: Signing tokens for user ID: 6797118d96969ec69381139d
2025-01-28 20:32:38 [INFO]: Login successful for user ID: 6797118d96969ec69381139d
2025-01-28 20:45:07 [INFO]: Login attempt for email: vikiisbck@gmail.com
2025-01-28 20:45:07 [INFO]: Creating session for user ID: 6797118d96969ec69381139d
2025-01-28 20:45:07 [INFO]: Signing tokens for user ID: 6797118d96969ec69381139d
2025-01-28 20:45:07 [INFO]: Login successful for user ID: 6797118d96969ec69381139d
2025-01-28 20:52:53 [INFO]: Login attempt for email: vikiisbck@gmail.com
2025-01-28 20:52:53 [INFO]: Creating session for user ID: 6797118d96969ec69381139d
2025-01-28 20:52:53 [INFO]: Signing tokens for user ID: 6797118d96969ec69381139d
2025-01-28 20:52:53 [INFO]: Login successful for user ID: 6797118d96969ec69381139d
2025-01-28 20:59:34 [INFO]: Login attempt for email: vikiisbck@gmail.com
2025-01-28 20:59:34 [INFO]: Creating session for user ID: 6797118d96969ec69381139d
2025-01-28 20:59:34 [INFO]: Signing tokens for user ID: 6797118d96969ec69381139d
2025-01-28 20:59:34 [INFO]: Login successful for user ID: 6797118d96969ec69381139d
2025-01-28 21:06:02 [INFO]: Login attempt for email: vikiisbck@gmail.com
2025-01-28 21:06:03 [INFO]: Creating session for user ID: 6797118d96969ec69381139d
2025-01-28 21:06:03 [INFO]: Signing tokens for user ID: 6797118d96969ec69381139d
2025-01-28 21:06:03 [INFO]: Login successful for user ID: 6797118d96969ec69381139d
2025-01-28 21:14:23 [INFO]: Login attempt for email: vikiisbck@gmail.com
2025-01-28 21:14:23 [INFO]: Creating session for user ID: 6797118d96969ec69381139d
2025-01-28 21:14:24 [INFO]: Signing tokens for user ID: 6797118d96969ec69381139d
2025-01-28 21:14:24 [INFO]: Login successful for user ID: 6797118d96969ec69381139d
